<?xml version="1.0" encoding="UTF-8"?>
<!-- Generated by org.testng.reporters.JUnitXMLReporter -->
<testsuite ignored="0" hostname="RSPLLT677" failures="0" tests="28" name="Surefire test" time="265.615" errors="0" timestamp="2025-11-13T01:00:25 IST">
  <testcase classname="com.demoqa.tests.AlertsTests" name="verifyConfirmAlertAccept" time="34.814"/>
  <testcase classname="com.demoqa.tests.AlertsTests" name="verifyPromptAlert" time="8.798"/>
  <testcase classname="com.demoqa.tests.AlertsTests" name="verifySimpleAlert" time="13.277"/>
  <testcase classname="com.demoqa.tests.AssertionsTests" name="verifyElementText" time="8.405"/>
  <testcase classname="com.demoqa.tests.AssertionsTests" name="verifyMultipleConditions" time="10.253"/>
  <testcase classname="com.demoqa.tests.AssertionsTests" name="verifyTitleAndURL" time="4.053"/>
  <testcase classname="com.demoqa.tests.AssertionsTests" name="verifyTitleAndURL_Pass" time="7.95"/>
  <testcase classname="com.demoqa.tests.BrowserWindowsTests" name="verifyNewTabHeading" time="14.207"/>
  <testcase classname="com.demoqa.tests.DataPoolTests" name="verifyExcelDataRead" time="0.859"/>
  <testcase classname="com.demoqa.tests.DataPoolTests" name="verifyPropertyData" time="0.006"/>
  <testcase classname="com.demoqa.tests.DataProviderTests" name="verifyLogin" time="0.009"/>
  <testcase classname="com.demoqa.tests.ExcelDataProviderTests" name="verifyExcelLogin" time="0.006"/>
  <testcase classname="com.demoqa.tests.FramesTests" name="verifyTextInsideFrames" time="21.193"/>
  <testcase classname="com.demoqa.tests.JsonDataProviderTests" name="debugJson" time="0.061"/>
  <testcase classname="com.demoqa.tests.JsonDataProviderTests" name="verifyJsonLogin" time="0.007"/>
  <testcase classname="com.demoqa.tests.JsonDataProviderTests" name="verifyJsonLogin" time="0.004"/>
  <testcase classname="com.demoqa.tests.JsonDataProviderTests" name="verifyJsonLogin" time="0.004"/>
  <testcase classname="com.demoqa.tests.TestNGAdvancedTests" name="smokeTest" time="0.003"/>
  <testcase classname="com.demoqa.tests.TestNGAdvancedTests" name="dependentTest" time="0.003"/>
  <testcase classname="com.demoqa.tests.TestNGAdvancedTests" name="regressionTest" time="0.002"/>
  <testcase classname="com.demoqa.tests.TestNGAdvancedTests" name="verifyBrowserParameter" time="0.004"/>
  <testcase classname="com.demoqa.tests.TestNGAdvancedTests" name="verifyLoginData" time="0.002"/>
  <testcase classname="com.demoqa.tests.TestNGAdvancedTests" name="verifyLoginData" time="0.005"/>
  <testcase classname="com.demoqa.tests.TestNGAdvancedTests" name="verifyLoginData" time="0.003"/>
  <testcase classname="com.demoqa.tests.WaitsTests" name="verifyButtonBecomesEnabled" time="19.808"/>
  <testcase classname="com.demoqa.tests.WaitsTests" name="verifyButtonBecomesVisible" time="12.756"/>
  <testcase classname="com.demoqa.tests.WaitsTests" name="verifyColorChangeWithFluentWait" time="17.966"/>
  <testcase classname="com.demoqa.tests.WaitsTests" name="verifyJSExecutorClick" time="29.045"/>
</testsuite> <!-- Surefire test -->
