<?xml version="1.0" encoding="UTF-8"?>
<!-- Generated by org.testng.reporters.JUnitXMLReporter -->
<testsuite ignored="0" hostname="RSPLLT677" failures="0" tests="7" name="Command line test" time="0.186" errors="0" timestamp="2025-11-11T02:30:29 IST">
  <testcase classname="com.demoqa.tests.TestNGAdvancedTests" name="smokeTest" time="0.023"/>
  <testcase classname="com.demoqa.tests.TestNGAdvancedTests" name="regressionTest" time="0.002"/>
  <testcase classname="com.demoqa.tests.TestNGAdvancedTests" name="verifyBrowserParameter" time="0.007"/>
  <testcase classname="com.demoqa.tests.TestNGAdvancedTests" name="verifyLoginData" time="0.005"/>
  <testcase classname="com.demoqa.tests.TestNGAdvancedTests" name="verifyLoginData" time="0.004"/>
  <testcase classname="com.demoqa.tests.TestNGAdvancedTests" name="verifyLoginData" time="0.001"/>
  <testcase classname="com.demoqa.tests.TestNGAdvancedTests" name="dependentTest" time="0.002"/>
</testsuite> <!-- Command line test -->
