<?xml version="1.0" encoding="UTF-8"?>
<testng-results ignored="0" total="28" passed="28" failed="0" skipped="0">
  <reporter-output>
  </reporter-output>
  <suite started-at="2025-11-13T00:55:59 IST" name="Surefire suite" finished-at="2025-11-13T01:00:24 IST" duration-ms="265615">
    <groups>
      <group name="alerts">
        <method signature="AlertsTests.verifyConfirmAlertAccept()[pri:0, instance:com.demoqa.tests.AlertsTests@5b38c1ec]" name="verifyConfirmAlertAccept" class="com.demoqa.tests.AlertsTests"/>
        <method signature="AlertsTests.verifyPromptAlert()[pri:0, instance:com.demoqa.tests.AlertsTests@5b38c1ec]" name="verifyPromptAlert" class="com.demoqa.tests.AlertsTests"/>
        <method signature="AlertsTests.verifySimpleAlert()[pri:0, instance:com.demoqa.tests.AlertsTests@5b38c1ec]" name="verifySimpleAlert" class="com.demoqa.tests.AlertsTests"/>
      </group> <!-- alerts -->
      <group name="frames">
        <method signature="FramesTests.verifyTextInsideFrames()[pri:0, instance:com.demoqa.tests.FramesTests@480d3575]" name="verifyTextInsideFrames" class="com.demoqa.tests.FramesTests"/>
      </group> <!-- frames -->
      <group name="regression">
        <method signature="FramesTests.verifyTextInsideFrames()[pri:0, instance:com.demoqa.tests.FramesTests@480d3575]" name="verifyTextInsideFrames" class="com.demoqa.tests.FramesTests"/>
        <method signature="TestNGAdvancedTests.regressionTest()[pri:0, instance:com.demoqa.tests.TestNGAdvancedTests@194fad1]" name="regressionTest" class="com.demoqa.tests.TestNGAdvancedTests"/>
      </group> <!-- regression -->
      <group name="smoke">
        <method signature="TestNGAdvancedTests.smokeTest()[pri:0, instance:com.demoqa.tests.TestNGAdvancedTests@194fad1]" name="smokeTest" class="com.demoqa.tests.TestNGAdvancedTests"/>
        <method signature="BrowserWindowsTests.verifyNewTabHeading()[pri:0, instance:com.demoqa.tests.BrowserWindowsTests@4722ef0c]" name="verifyNewTabHeading" class="com.demoqa.tests.BrowserWindowsTests"/>
      </group> <!-- smoke -->
      <group name="windows">
        <method signature="BrowserWindowsTests.verifyNewTabHeading()[pri:0, instance:com.demoqa.tests.BrowserWindowsTests@4722ef0c]" name="verifyNewTabHeading" class="com.demoqa.tests.BrowserWindowsTests"/>
      </group> <!-- windows -->
    </groups>
    <test started-at="2025-11-13T00:55:59 IST" name="Surefire test" finished-at="2025-11-13T01:00:24 IST" duration-ms="265615">
      <class name="com.demoqa.tests.DataProviderTests">
        <test-method is-config="true" signature="setup(java.lang.String)[pri:0, instance:com.demoqa.tests.DataProviderTests@55cb6996]" started-at="2025-11-13T00:58:14 IST" name="setup" finished-at="2025-11-13T00:58:16 IST" duration-ms="1798" status="PASS">
          <params>
            <param index="0">
              <value is-null="true"/>
            </param>
          </params>
          <reporter-output>
          </reporter-output>
        </test-method> <!-- setup -->
        <test-method signature="verifyLogin(java.lang.String, java.lang.String)[pri:0, instance:com.demoqa.tests.DataProviderTests@55cb6996]" started-at="2025-11-13T00:58:16 IST" name="verifyLogin" data-provider="loginData" finished-at="2025-11-13T00:58:16 IST" duration-ms="9" status="PASS">
          <params>
            <param index="0">
              <value>
                <![CDATA[admin]]>
              </value>
            </param>
            <param index="1">
              <value>
                <![CDATA[admin123]]>
              </value>
            </param>
          </params>
          <reporter-output>
          </reporter-output>
        </test-method> <!-- verifyLogin -->
        <test-method is-config="true" signature="tearDown()[pri:0, instance:com.demoqa.tests.DataProviderTests@55cb6996]" started-at="2025-11-13T00:58:16 IST" name="tearDown" finished-at="2025-11-13T00:58:17 IST" duration-ms="582" status="PASS">
          <reporter-output>
          </reporter-output>
        </test-method> <!-- tearDown -->
      </class> <!-- com.demoqa.tests.DataProviderTests -->
      <class name="com.demoqa.tests.FramesTests">
        <test-method is-config="true" signature="setup(java.lang.String)[pri:0, instance:com.demoqa.tests.FramesTests@480d3575]" started-at="2025-11-13T00:58:19 IST" name="setup" finished-at="2025-11-13T00:58:21 IST" duration-ms="1791" status="PASS">
          <params>
            <param index="0">
              <value is-null="true"/>
            </param>
          </params>
          <reporter-output>
          </reporter-output>
        </test-method> <!-- setup -->
        <test-method signature="verifyTextInsideFrames()[pri:0, instance:com.demoqa.tests.FramesTests@480d3575]" started-at="2025-11-13T00:58:21 IST" name="verifyTextInsideFrames" finished-at="2025-11-13T00:58:42 IST" duration-ms="21193" status="PASS">
          <reporter-output>
          </reporter-output>
        </test-method> <!-- verifyTextInsideFrames -->
        <test-method is-config="true" signature="tearDown()[pri:0, instance:com.demoqa.tests.FramesTests@480d3575]" started-at="2025-11-13T00:58:42 IST" name="tearDown" finished-at="2025-11-13T00:58:43 IST" duration-ms="700" status="PASS">
          <reporter-output>
          </reporter-output>
        </test-method> <!-- tearDown -->
      </class> <!-- com.demoqa.tests.FramesTests -->
      <class name="com.demoqa.tests.TestNGAdvancedTests">
        <test-method signature="smokeTest()[pri:0, instance:com.demoqa.tests.TestNGAdvancedTests@194fad1]" started-at="2025-11-13T00:58:53 IST" name="smokeTest" finished-at="2025-11-13T00:58:53 IST" duration-ms="3" status="PASS">
          <reporter-output>
          </reporter-output>
        </test-method> <!-- smokeTest -->
        <test-method signature="dependentTest()[pri:0, instance:com.demoqa.tests.TestNGAdvancedTests@194fad1]" started-at="2025-11-13T00:58:53 IST" name="dependentTest" finished-at="2025-11-13T00:58:53 IST" depends-on-methods="com.demoqa.tests.TestNGAdvancedTests.smokeTest" duration-ms="3" status="PASS">
          <reporter-output>
          </reporter-output>
        </test-method> <!-- dependentTest -->
        <test-method signature="regressionTest()[pri:0, instance:com.demoqa.tests.TestNGAdvancedTests@194fad1]" started-at="2025-11-13T00:58:53 IST" name="regressionTest" finished-at="2025-11-13T00:58:53 IST" duration-ms="2" status="PASS">
          <reporter-output>
          </reporter-output>
        </test-method> <!-- regressionTest -->
        <test-method signature="verifyBrowserParameter(java.lang.String)[pri:0, instance:com.demoqa.tests.TestNGAdvancedTests@194fad1]" started-at="2025-11-13T00:58:53 IST" name="verifyBrowserParameter" finished-at="2025-11-13T00:58:53 IST" duration-ms="4" status="PASS">
          <params>
            <param index="0">
              <value>
                <![CDATA[chrome]]>
              </value>
            </param>
          </params>
          <reporter-output>
          </reporter-output>
        </test-method> <!-- verifyBrowserParameter -->
        <test-method signature="verifyLoginData(java.lang.String, java.lang.String)[pri:0, instance:com.demoqa.tests.TestNGAdvancedTests@194fad1]" started-at="2025-11-13T00:58:53 IST" name="verifyLoginData" data-provider="loginData" finished-at="2025-11-13T00:58:53 IST" duration-ms="2" status="PASS">
          <params>
            <param index="0">
              <value>
                <![CDATA[admin]]>
              </value>
            </param>
            <param index="1">
              <value>
                <![CDATA[admin123]]>
              </value>
            </param>
          </params>
          <reporter-output>
          </reporter-output>
        </test-method> <!-- verifyLoginData -->
        <test-method signature="verifyLoginData(java.lang.String, java.lang.String)[pri:0, instance:com.demoqa.tests.TestNGAdvancedTests@194fad1]" started-at="2025-11-13T00:58:53 IST" name="verifyLoginData" data-provider="loginData" finished-at="2025-11-13T00:58:53 IST" duration-ms="5" status="PASS">
          <params>
            <param index="0">
              <value>
                <![CDATA[sachin]]>
              </value>
            </param>
            <param index="1">
              <value>
                <![CDATA[test123]]>
              </value>
            </param>
          </params>
          <reporter-output>
          </reporter-output>
        </test-method> <!-- verifyLoginData -->
        <test-method signature="verifyLoginData(java.lang.String, java.lang.String)[pri:0, instance:com.demoqa.tests.TestNGAdvancedTests@194fad1]" started-at="2025-11-13T00:58:53 IST" name="verifyLoginData" data-provider="loginData" finished-at="2025-11-13T00:58:53 IST" duration-ms="3" status="PASS">
          <params>
            <param index="0">
              <value>
                <![CDATA[guest]]>
              </value>
            </param>
            <param index="1">
              <value>
                <![CDATA[guest@123]]>
              </value>
            </param>
          </params>
          <reporter-output>
          </reporter-output>
        </test-method> <!-- verifyLoginData -->
      </class> <!-- com.demoqa.tests.TestNGAdvancedTests -->
      <class name="com.demoqa.tests.ExcelDataProviderTests">
        <test-method is-config="true" signature="setup(java.lang.String)[pri:0, instance:com.demoqa.tests.ExcelDataProviderTests@1807e3f6]" started-at="2025-11-13T00:58:17 IST" name="setup" finished-at="2025-11-13T00:58:19 IST" duration-ms="1649" status="PASS">
          <params>
            <param index="0">
              <value is-null="true"/>
            </param>
          </params>
          <reporter-output>
          </reporter-output>
        </test-method> <!-- setup -->
        <test-method signature="verifyExcelLogin(java.lang.String, java.lang.String)[pri:0, instance:com.demoqa.tests.ExcelDataProviderTests@1807e3f6]" started-at="2025-11-13T00:58:19 IST" name="verifyExcelLogin" data-provider="loginData" finished-at="2025-11-13T00:58:19 IST" duration-ms="6" status="PASS">
          <params>
            <param index="0">
              <value>
                <![CDATA[admin]]>
              </value>
            </param>
            <param index="1">
              <value>
                <![CDATA[admin123]]>
              </value>
            </param>
          </params>
          <reporter-output>
          </reporter-output>
        </test-method> <!-- verifyExcelLogin -->
        <test-method is-config="true" signature="tearDown()[pri:0, instance:com.demoqa.tests.ExcelDataProviderTests@1807e3f6]" started-at="2025-11-13T00:58:19 IST" name="tearDown" finished-at="2025-11-13T00:58:19 IST" duration-ms="378" status="PASS">
          <reporter-output>
          </reporter-output>
        </test-method> <!-- tearDown -->
      </class> <!-- com.demoqa.tests.ExcelDataProviderTests -->
      <class name="com.demoqa.tests.DataPoolTests">
        <test-method is-config="true" signature="setup(java.lang.String)[pri:0, instance:com.demoqa.tests.DataPoolTests@48e1f6c7]" started-at="2025-11-13T00:58:09 IST" name="setup" finished-at="2025-11-13T00:58:10 IST" duration-ms="1546" status="PASS">
          <params>
            <param index="0">
              <value is-null="true"/>
            </param>
          </params>
          <reporter-output>
          </reporter-output>
        </test-method> <!-- setup -->
        <test-method signature="verifyExcelDataRead()[pri:0, instance:com.demoqa.tests.DataPoolTests@48e1f6c7]" started-at="2025-11-13T00:58:10 IST" name="verifyExcelDataRead" finished-at="2025-11-13T00:58:11 IST" duration-ms="859" status="PASS">
          <reporter-output>
          </reporter-output>
        </test-method> <!-- verifyExcelDataRead -->
        <test-method is-config="true" signature="tearDown()[pri:0, instance:com.demoqa.tests.DataPoolTests@48e1f6c7]" started-at="2025-11-13T00:58:11 IST" name="tearDown" finished-at="2025-11-13T00:58:12 IST" duration-ms="447" status="PASS">
          <reporter-output>
          </reporter-output>
        </test-method> <!-- tearDown -->
        <test-method is-config="true" signature="setup(java.lang.String)[pri:0, instance:com.demoqa.tests.DataPoolTests@48e1f6c7]" started-at="2025-11-13T00:58:12 IST" name="setup" finished-at="2025-11-13T00:58:14 IST" duration-ms="2040" status="PASS">
          <params>
            <param index="0">
              <value is-null="true"/>
            </param>
          </params>
          <reporter-output>
          </reporter-output>
        </test-method> <!-- setup -->
        <test-method signature="verifyPropertyData()[pri:0, instance:com.demoqa.tests.DataPoolTests@48e1f6c7]" started-at="2025-11-13T00:58:14 IST" name="verifyPropertyData" finished-at="2025-11-13T00:58:14 IST" duration-ms="6" status="PASS">
          <reporter-output>
          </reporter-output>
        </test-method> <!-- verifyPropertyData -->
        <test-method is-config="true" signature="tearDown()[pri:0, instance:com.demoqa.tests.DataPoolTests@48e1f6c7]" started-at="2025-11-13T00:58:14 IST" name="tearDown" finished-at="2025-11-13T00:58:14 IST" duration-ms="390" status="PASS">
          <reporter-output>
          </reporter-output>
        </test-method> <!-- tearDown -->
      </class> <!-- com.demoqa.tests.DataPoolTests -->
      <class name="com.demoqa.tests.WaitsTests">
        <test-method is-config="true" signature="setup(java.lang.String)[pri:0, instance:com.demoqa.tests.WaitsTests@26abb146]" started-at="2025-11-13T00:58:53 IST" name="setup" finished-at="2025-11-13T00:58:55 IST" duration-ms="1742" status="PASS">
          <params>
            <param index="0">
              <value is-null="true"/>
            </param>
          </params>
          <reporter-output>
          </reporter-output>
        </test-method> <!-- setup -->
        <test-method signature="verifyButtonBecomesEnabled()[pri:0, instance:com.demoqa.tests.WaitsTests@26abb146]" started-at="2025-11-13T00:58:55 IST" name="verifyButtonBecomesEnabled" finished-at="2025-11-13T00:59:15 IST" duration-ms="19808" status="PASS">
          <reporter-output>
          </reporter-output>
        </test-method> <!-- verifyButtonBecomesEnabled -->
        <test-method is-config="true" signature="tearDown()[pri:0, instance:com.demoqa.tests.WaitsTests@26abb146]" started-at="2025-11-13T00:59:15 IST" name="tearDown" finished-at="2025-11-13T00:59:15 IST" duration-ms="498" status="PASS">
          <reporter-output>
          </reporter-output>
        </test-method> <!-- tearDown -->
        <test-method is-config="true" signature="setup(java.lang.String)[pri:0, instance:com.demoqa.tests.WaitsTests@26abb146]" started-at="2025-11-13T00:59:15 IST" name="setup" finished-at="2025-11-13T00:59:17 IST" duration-ms="1837" status="PASS">
          <params>
            <param index="0">
              <value is-null="true"/>
            </param>
          </params>
          <reporter-output>
          </reporter-output>
        </test-method> <!-- setup -->
        <test-method signature="verifyButtonBecomesVisible()[pri:0, instance:com.demoqa.tests.WaitsTests@26abb146]" started-at="2025-11-13T00:59:17 IST" name="verifyButtonBecomesVisible" finished-at="2025-11-13T00:59:30 IST" duration-ms="12756" status="PASS">
          <reporter-output>
          </reporter-output>
        </test-method> <!-- verifyButtonBecomesVisible -->
        <test-method is-config="true" signature="tearDown()[pri:0, instance:com.demoqa.tests.WaitsTests@26abb146]" started-at="2025-11-13T00:59:30 IST" name="tearDown" finished-at="2025-11-13T00:59:31 IST" duration-ms="863" status="PASS">
          <reporter-output>
          </reporter-output>
        </test-method> <!-- tearDown -->
        <test-method is-config="true" signature="setup(java.lang.String)[pri:0, instance:com.demoqa.tests.WaitsTests@26abb146]" started-at="2025-11-13T00:59:31 IST" name="setup" finished-at="2025-11-13T00:59:33 IST" duration-ms="1634" status="PASS">
          <params>
            <param index="0">
              <value is-null="true"/>
            </param>
          </params>
          <reporter-output>
          </reporter-output>
        </test-method> <!-- setup -->
        <test-method signature="verifyColorChangeWithFluentWait()[pri:0, instance:com.demoqa.tests.WaitsTests@26abb146]" started-at="2025-11-13T00:59:33 IST" name="verifyColorChangeWithFluentWait" finished-at="2025-11-13T00:59:51 IST" duration-ms="17966" status="PASS">
          <reporter-output>
          </reporter-output>
        </test-method> <!-- verifyColorChangeWithFluentWait -->
        <test-method is-config="true" signature="tearDown()[pri:0, instance:com.demoqa.tests.WaitsTests@26abb146]" started-at="2025-11-13T00:59:51 IST" name="tearDown" finished-at="2025-11-13T00:59:52 IST" duration-ms="664" status="PASS">
          <reporter-output>
          </reporter-output>
        </test-method> <!-- tearDown -->
        <test-method is-config="true" signature="setup(java.lang.String)[pri:0, instance:com.demoqa.tests.WaitsTests@26abb146]" started-at="2025-11-13T00:59:52 IST" name="setup" finished-at="2025-11-13T00:59:53 IST" duration-ms="1747" status="PASS">
          <params>
            <param index="0">
              <value is-null="true"/>
            </param>
          </params>
          <reporter-output>
          </reporter-output>
        </test-method> <!-- setup -->
        <test-method signature="verifyJSExecutorClick()[pri:0, instance:com.demoqa.tests.WaitsTests@26abb146]" started-at="2025-11-13T00:59:53 IST" name="verifyJSExecutorClick" finished-at="2025-11-13T01:00:22 IST" duration-ms="29045" status="PASS">
          <reporter-output>
          </reporter-output>
        </test-method> <!-- verifyJSExecutorClick -->
        <test-method is-config="true" signature="tearDown()[pri:0, instance:com.demoqa.tests.WaitsTests@26abb146]" started-at="2025-11-13T01:00:23 IST" name="tearDown" finished-at="2025-11-13T01:00:24 IST" duration-ms="1444" status="PASS">
          <reporter-output>
          </reporter-output>
        </test-method> <!-- tearDown -->
      </class> <!-- com.demoqa.tests.WaitsTests -->
      <class name="com.demoqa.tests.BrowserWindowsTests">
        <test-method is-config="true" signature="setup(java.lang.String)[pri:0, instance:com.demoqa.tests.BrowserWindowsTests@4722ef0c]" started-at="2025-11-13T00:57:51 IST" name="setup" finished-at="2025-11-13T00:57:53 IST" duration-ms="1827" status="PASS">
          <params>
            <param index="0">
              <value is-null="true"/>
            </param>
          </params>
          <reporter-output>
          </reporter-output>
        </test-method> <!-- setup -->
        <test-method signature="verifyNewTabHeading()[pri:0, instance:com.demoqa.tests.BrowserWindowsTests@4722ef0c]" started-at="2025-11-13T00:57:53 IST" name="verifyNewTabHeading" finished-at="2025-11-13T00:58:07 IST" duration-ms="14207" status="PASS">
          <reporter-output>
          </reporter-output>
        </test-method> <!-- verifyNewTabHeading -->
        <test-method is-config="true" signature="tearDown()[pri:0, instance:com.demoqa.tests.BrowserWindowsTests@4722ef0c]" started-at="2025-11-13T00:58:08 IST" name="tearDown" finished-at="2025-11-13T00:58:09 IST" duration-ms="1207" status="PASS">
          <reporter-output>
          </reporter-output>
        </test-method> <!-- tearDown -->
      </class> <!-- com.demoqa.tests.BrowserWindowsTests -->
      <class name="com.demoqa.tests.AlertsTests">
        <test-method is-config="true" signature="setup(java.lang.String)[pri:0, instance:com.demoqa.tests.AlertsTests@5b38c1ec]" started-at="2025-11-13T00:55:59 IST" name="setup" finished-at="2025-11-13T00:56:04 IST" duration-ms="5266" status="PASS">
          <params>
            <param index="0">
              <value is-null="true"/>
            </param>
          </params>
          <reporter-output>
          </reporter-output>
        </test-method> <!-- setup -->
        <test-method signature="verifyConfirmAlertAccept()[pri:0, instance:com.demoqa.tests.AlertsTests@5b38c1ec]" started-at="2025-11-13T00:56:04 IST" name="verifyConfirmAlertAccept" finished-at="2025-11-13T00:56:39 IST" duration-ms="34814" status="PASS">
          <reporter-output>
          </reporter-output>
        </test-method> <!-- verifyConfirmAlertAccept -->
        <test-method is-config="true" signature="tearDown()[pri:0, instance:com.demoqa.tests.AlertsTests@5b38c1ec]" started-at="2025-11-13T00:56:39 IST" name="tearDown" finished-at="2025-11-13T00:56:41 IST" duration-ms="1494" status="PASS">
          <reporter-output>
          </reporter-output>
        </test-method> <!-- tearDown -->
        <test-method is-config="true" signature="setup(java.lang.String)[pri:0, instance:com.demoqa.tests.AlertsTests@5b38c1ec]" started-at="2025-11-13T00:56:41 IST" name="setup" finished-at="2025-11-13T00:56:43 IST" duration-ms="2499" status="PASS">
          <params>
            <param index="0">
              <value is-null="true"/>
            </param>
          </params>
          <reporter-output>
          </reporter-output>
        </test-method> <!-- setup -->
        <test-method signature="verifyPromptAlert()[pri:0, instance:com.demoqa.tests.AlertsTests@5b38c1ec]" started-at="2025-11-13T00:56:43 IST" name="verifyPromptAlert" finished-at="2025-11-13T00:56:52 IST" duration-ms="8798" status="PASS">
          <reporter-output>
          </reporter-output>
        </test-method> <!-- verifyPromptAlert -->
        <test-method is-config="true" signature="tearDown()[pri:0, instance:com.demoqa.tests.AlertsTests@5b38c1ec]" started-at="2025-11-13T00:56:53 IST" name="tearDown" finished-at="2025-11-13T00:56:53 IST" duration-ms="559" status="PASS">
          <reporter-output>
          </reporter-output>
        </test-method> <!-- tearDown -->
        <test-method is-config="true" signature="setup(java.lang.String)[pri:0, instance:com.demoqa.tests.AlertsTests@5b38c1ec]" started-at="2025-11-13T00:56:53 IST" name="setup" finished-at="2025-11-13T00:56:55 IST" duration-ms="2077" status="PASS">
          <params>
            <param index="0">
              <value is-null="true"/>
            </param>
          </params>
          <reporter-output>
          </reporter-output>
        </test-method> <!-- setup -->
        <test-method signature="verifySimpleAlert()[pri:0, instance:com.demoqa.tests.AlertsTests@5b38c1ec]" started-at="2025-11-13T00:56:55 IST" name="verifySimpleAlert" finished-at="2025-11-13T00:57:08 IST" duration-ms="13277" status="PASS">
          <reporter-output>
          </reporter-output>
        </test-method> <!-- verifySimpleAlert -->
        <test-method is-config="true" signature="tearDown()[pri:0, instance:com.demoqa.tests.AlertsTests@5b38c1ec]" started-at="2025-11-13T00:57:09 IST" name="tearDown" finished-at="2025-11-13T00:57:09 IST" duration-ms="607" status="PASS">
          <reporter-output>
          </reporter-output>
        </test-method> <!-- tearDown -->
      </class> <!-- com.demoqa.tests.AlertsTests -->
      <class name="com.demoqa.tests.JsonDataProviderTests">
        <test-method is-config="true" signature="check()[pri:0, instance:com.demoqa.tests.JsonDataProviderTests@f1da57d]" started-at="2025-11-13T00:58:43 IST" name="check" finished-at="2025-11-13T00:58:43 IST" duration-ms="1" status="PASS">
          <reporter-output>
          </reporter-output>
        </test-method> <!-- check -->
        <test-method is-config="true" signature="setup(java.lang.String)[pri:0, instance:com.demoqa.tests.JsonDataProviderTests@f1da57d]" started-at="2025-11-13T00:58:43 IST" name="setup" finished-at="2025-11-13T00:58:45 IST" duration-ms="1818" status="PASS">
          <params>
            <param index="0">
              <value is-null="true"/>
            </param>
          </params>
          <reporter-output>
          </reporter-output>
        </test-method> <!-- setup -->
        <test-method signature="debugJson()[pri:0, instance:com.demoqa.tests.JsonDataProviderTests@f1da57d]" started-at="2025-11-13T00:58:45 IST" name="debugJson" finished-at="2025-11-13T00:58:45 IST" duration-ms="61" status="PASS">
          <reporter-output>
          </reporter-output>
        </test-method> <!-- debugJson -->
        <test-method is-config="true" signature="tearDown()[pri:0, instance:com.demoqa.tests.JsonDataProviderTests@f1da57d]" started-at="2025-11-13T00:58:45 IST" name="tearDown" finished-at="2025-11-13T00:58:46 IST" duration-ms="446" status="PASS">
          <reporter-output>
          </reporter-output>
        </test-method> <!-- tearDown -->
        <test-method is-config="true" signature="setup(java.lang.String)[pri:0, instance:com.demoqa.tests.JsonDataProviderTests@f1da57d]" started-at="2025-11-13T00:58:46 IST" name="setup" finished-at="2025-11-13T00:58:48 IST" duration-ms="1937" status="PASS">
          <params>
            <param index="0">
              <value is-null="true"/>
            </param>
          </params>
          <reporter-output>
          </reporter-output>
        </test-method> <!-- setup -->
        <test-method signature="verifyJsonLogin(java.lang.String, java.lang.String)[pri:0, instance:com.demoqa.tests.JsonDataProviderTests@f1da57d]" started-at="2025-11-13T00:58:48 IST" name="verifyJsonLogin" data-provider="jsonLoginData" finished-at="2025-11-13T00:58:48 IST" duration-ms="7" status="PASS">
          <params>
            <param index="0">
              <value>
                <![CDATA[admin]]>
              </value>
            </param>
            <param index="1">
              <value>
                <![CDATA[admin123]]>
              </value>
            </param>
          </params>
          <reporter-output>
          </reporter-output>
        </test-method> <!-- verifyJsonLogin -->
        <test-method is-config="true" signature="tearDown()[pri:0, instance:com.demoqa.tests.JsonDataProviderTests@f1da57d]" started-at="2025-11-13T00:58:48 IST" name="tearDown" finished-at="2025-11-13T00:58:48 IST" duration-ms="427" status="PASS">
          <reporter-output>
          </reporter-output>
        </test-method> <!-- tearDown -->
        <test-method is-config="true" signature="setup(java.lang.String)[pri:0, instance:com.demoqa.tests.JsonDataProviderTests@f1da57d]" started-at="2025-11-13T00:58:48 IST" name="setup" finished-at="2025-11-13T00:58:50 IST" duration-ms="1753" status="PASS">
          <params>
            <param index="0">
              <value is-null="true"/>
            </param>
          </params>
          <reporter-output>
          </reporter-output>
        </test-method> <!-- setup -->
        <test-method signature="verifyJsonLogin(java.lang.String, java.lang.String)[pri:0, instance:com.demoqa.tests.JsonDataProviderTests@f1da57d]" started-at="2025-11-13T00:58:50 IST" name="verifyJsonLogin" data-provider="jsonLoginData" finished-at="2025-11-13T00:58:50 IST" duration-ms="4" status="PASS">
          <params>
            <param index="0">
              <value>
                <![CDATA[tester]]>
              </value>
            </param>
            <param index="1">
              <value>
                <![CDATA[test@123]]>
              </value>
            </param>
          </params>
          <reporter-output>
          </reporter-output>
        </test-method> <!-- verifyJsonLogin -->
        <test-method is-config="true" signature="tearDown()[pri:0, instance:com.demoqa.tests.JsonDataProviderTests@f1da57d]" started-at="2025-11-13T00:58:50 IST" name="tearDown" finished-at="2025-11-13T00:58:50 IST" duration-ms="388" status="PASS">
          <reporter-output>
          </reporter-output>
        </test-method> <!-- tearDown -->
        <test-method is-config="true" signature="setup(java.lang.String)[pri:0, instance:com.demoqa.tests.JsonDataProviderTests@f1da57d]" started-at="2025-11-13T00:58:50 IST" name="setup" finished-at="2025-11-13T00:58:52 IST" duration-ms="1828" status="PASS">
          <params>
            <param index="0">
              <value is-null="true"/>
            </param>
          </params>
          <reporter-output>
          </reporter-output>
        </test-method> <!-- setup -->
        <test-method signature="verifyJsonLogin(java.lang.String, java.lang.String)[pri:0, instance:com.demoqa.tests.JsonDataProviderTests@f1da57d]" started-at="2025-11-13T00:58:52 IST" name="verifyJsonLogin" data-provider="jsonLoginData" finished-at="2025-11-13T00:58:52 IST" duration-ms="4" status="PASS">
          <params>
            <param index="0">
              <value>
                <![CDATA[user]]>
              </value>
            </param>
            <param index="1">
              <value>
                <![CDATA[pass123]]>
              </value>
            </param>
          </params>
          <reporter-output>
          </reporter-output>
        </test-method> <!-- verifyJsonLogin -->
        <test-method is-config="true" signature="tearDown()[pri:0, instance:com.demoqa.tests.JsonDataProviderTests@f1da57d]" started-at="2025-11-13T00:58:52 IST" name="tearDown" finished-at="2025-11-13T00:58:53 IST" duration-ms="520" status="PASS">
          <reporter-output>
          </reporter-output>
        </test-method> <!-- tearDown -->
      </class> <!-- com.demoqa.tests.JsonDataProviderTests -->
      <class name="com.demoqa.tests.AssertionsTests">
        <test-method is-config="true" signature="setup(java.lang.String)[pri:0, instance:com.demoqa.tests.AssertionsTests@338fc1d8]" started-at="2025-11-13T00:57:09 IST" name="setup" finished-at="2025-11-13T00:57:12 IST" duration-ms="2089" status="PASS">
          <params>
            <param index="0">
              <value is-null="true"/>
            </param>
          </params>
          <reporter-output>
          </reporter-output>
        </test-method> <!-- setup -->
        <test-method signature="verifyElementText()[pri:0, instance:com.demoqa.tests.AssertionsTests@338fc1d8]" started-at="2025-11-13T00:57:12 IST" name="verifyElementText" finished-at="2025-11-13T00:57:20 IST" duration-ms="8405" status="PASS">
          <reporter-output>
          </reporter-output>
        </test-method> <!-- verifyElementText -->
        <test-method is-config="true" signature="tearDown()[pri:0, instance:com.demoqa.tests.AssertionsTests@338fc1d8]" started-at="2025-11-13T00:57:20 IST" name="tearDown" finished-at="2025-11-13T00:57:21 IST" duration-ms="433" status="PASS">
          <reporter-output>
          </reporter-output>
        </test-method> <!-- tearDown -->
        <test-method is-config="true" signature="setup(java.lang.String)[pri:0, instance:com.demoqa.tests.AssertionsTests@338fc1d8]" started-at="2025-11-13T00:57:21 IST" name="setup" finished-at="2025-11-13T00:57:23 IST" duration-ms="1950" status="PASS">
          <params>
            <param index="0">
              <value is-null="true"/>
            </param>
          </params>
          <reporter-output>
          </reporter-output>
        </test-method> <!-- setup -->
        <test-method signature="verifyMultipleConditions()[pri:0, instance:com.demoqa.tests.AssertionsTests@338fc1d8]" started-at="2025-11-13T00:57:23 IST" name="verifyMultipleConditions" finished-at="2025-11-13T00:57:33 IST" duration-ms="10253" status="PASS">
          <reporter-output>
          </reporter-output>
        </test-method> <!-- verifyMultipleConditions -->
        <test-method is-config="true" signature="tearDown()[pri:0, instance:com.demoqa.tests.AssertionsTests@338fc1d8]" started-at="2025-11-13T00:57:33 IST" name="tearDown" finished-at="2025-11-13T00:57:34 IST" duration-ms="628" status="PASS">
          <reporter-output>
          </reporter-output>
        </test-method> <!-- tearDown -->
        <test-method is-config="true" signature="setup(java.lang.String)[pri:0, instance:com.demoqa.tests.AssertionsTests@338fc1d8]" started-at="2025-11-13T00:57:34 IST" name="setup" finished-at="2025-11-13T00:57:36 IST" duration-ms="2153" status="PASS">
          <params>
            <param index="0">
              <value is-null="true"/>
            </param>
          </params>
          <reporter-output>
          </reporter-output>
        </test-method> <!-- setup -->
        <test-method signature="verifyTitleAndURL()[pri:0, instance:com.demoqa.tests.AssertionsTests@338fc1d8]" started-at="2025-11-13T00:57:36 IST" name="verifyTitleAndURL" finished-at="2025-11-13T00:57:40 IST" duration-ms="4053" status="PASS">
          <reporter-output>
          </reporter-output>
        </test-method> <!-- verifyTitleAndURL -->
        <test-method is-config="true" signature="tearDown()[pri:0, instance:com.demoqa.tests.AssertionsTests@338fc1d8]" started-at="2025-11-13T00:57:40 IST" name="tearDown" finished-at="2025-11-13T00:57:41 IST" duration-ms="589" status="PASS">
          <reporter-output>
          </reporter-output>
        </test-method> <!-- tearDown -->
        <test-method is-config="true" signature="setup(java.lang.String)[pri:0, instance:com.demoqa.tests.AssertionsTests@338fc1d8]" started-at="2025-11-13T00:57:41 IST" name="setup" finished-at="2025-11-13T00:57:43 IST" duration-ms="1937" status="PASS">
          <params>
            <param index="0">
              <value is-null="true"/>
            </param>
          </params>
          <reporter-output>
          </reporter-output>
        </test-method> <!-- setup -->
        <test-method signature="verifyTitleAndURL_Pass()[pri:0, instance:com.demoqa.tests.AssertionsTests@338fc1d8]" started-at="2025-11-13T00:57:43 IST" name="verifyTitleAndURL_Pass" finished-at="2025-11-13T00:57:51 IST" duration-ms="7950" status="PASS">
          <reporter-output>
          </reporter-output>
        </test-method> <!-- verifyTitleAndURL_Pass -->
        <test-method is-config="true" signature="tearDown()[pri:0, instance:com.demoqa.tests.AssertionsTests@338fc1d8]" started-at="2025-11-13T00:57:51 IST" name="tearDown" finished-at="2025-11-13T00:57:51 IST" duration-ms="506" status="PASS">
          <reporter-output>
          </reporter-output>
        </test-method> <!-- tearDown -->
      </class> <!-- com.demoqa.tests.AssertionsTests -->
    </test> <!-- Surefire test -->
  </suite> <!-- Surefire suite -->
</testng-results>
