<?xml version="1.0" encoding="UTF-8"?>
<testng-results ignored="0" total="7" passed="7" failed="0" skipped="0">
  <reporter-output>
  </reporter-output>
  <suite started-at="2025-11-11T02:30:29 IST" name="Command line suite" finished-at="2025-11-11T02:30:29 IST" duration-ms="186">
    <groups>
      <group name="regression">
        <method signature="TestNGAdvancedTests.regressionTest()[pri:0, instance:com.demoqa.tests.TestNGAdvancedTests@79ca92b9]" name="regressionTest" class="com.demoqa.tests.TestNGAdvancedTests"/>
      </group> <!-- regression -->
      <group name="smoke">
        <method signature="TestNGAdvancedTests.smokeTest()[pri:0, instance:com.demoqa.tests.TestNGAdvancedTests@79ca92b9]" name="smokeTest" class="com.demoqa.tests.TestNGAdvancedTests"/>
      </group> <!-- smoke -->
    </groups>
    <test started-at="2025-11-11T02:30:29 IST" name="Command line test" finished-at="2025-11-11T02:30:29 IST" duration-ms="186">
      <class name="com.demoqa.tests.TestNGAdvancedTests">
        <test-method signature="smokeTest()[pri:0, instance:com.demoqa.tests.TestNGAdvancedTests@79ca92b9]" started-at="2025-11-11T02:30:29 IST" name="smokeTest" finished-at="2025-11-11T02:30:29 IST" duration-ms="23" status="PASS">
          <reporter-output>
          </reporter-output>
        </test-method> <!-- smokeTest -->
        <test-method signature="regressionTest()[pri:0, instance:com.demoqa.tests.TestNGAdvancedTests@79ca92b9]" started-at="2025-11-11T02:30:29 IST" name="regressionTest" finished-at="2025-11-11T02:30:29 IST" duration-ms="2" status="PASS">
          <reporter-output>
          </reporter-output>
        </test-method> <!-- regressionTest -->
        <test-method signature="verifyBrowserParameter(java.lang.String)[pri:0, instance:com.demoqa.tests.TestNGAdvancedTests@79ca92b9]" started-at="2025-11-11T02:30:29 IST" name="verifyBrowserParameter" finished-at="2025-11-11T02:30:29 IST" duration-ms="7" status="PASS">
          <params>
            <param index="0">
              <value>
                <![CDATA[chrome]]>
              </value>
            </param>
          </params>
          <reporter-output>
          </reporter-output>
        </test-method> <!-- verifyBrowserParameter -->
        <test-method signature="verifyLoginData(java.lang.String,java.lang.String)[pri:0, instance:com.demoqa.tests.TestNGAdvancedTests@79ca92b9]" started-at="2025-11-11T02:30:29 IST" name="verifyLoginData" data-provider="loginData" finished-at="2025-11-11T02:30:29 IST" duration-ms="5" status="PASS">
          <params>
            <param index="0">
              <value>
                <![CDATA[admin]]>
              </value>
            </param>
            <param index="1">
              <value>
                <![CDATA[admin123]]>
              </value>
            </param>
          </params>
          <reporter-output>
          </reporter-output>
        </test-method> <!-- verifyLoginData -->
        <test-method signature="verifyLoginData(java.lang.String,java.lang.String)[pri:0, instance:com.demoqa.tests.TestNGAdvancedTests@79ca92b9]" started-at="2025-11-11T02:30:29 IST" name="verifyLoginData" data-provider="loginData" finished-at="2025-11-11T02:30:29 IST" duration-ms="4" status="PASS">
          <params>
            <param index="0">
              <value>
                <![CDATA[sachin]]>
              </value>
            </param>
            <param index="1">
              <value>
                <![CDATA[test123]]>
              </value>
            </param>
          </params>
          <reporter-output>
          </reporter-output>
        </test-method> <!-- verifyLoginData -->
        <test-method signature="verifyLoginData(java.lang.String,java.lang.String)[pri:0, instance:com.demoqa.tests.TestNGAdvancedTests@79ca92b9]" started-at="2025-11-11T02:30:29 IST" name="verifyLoginData" data-provider="loginData" finished-at="2025-11-11T02:30:29 IST" duration-ms="1" status="PASS">
          <params>
            <param index="0">
              <value>
                <![CDATA[guest]]>
              </value>
            </param>
            <param index="1">
              <value>
                <![CDATA[guest@123]]>
              </value>
            </param>
          </params>
          <reporter-output>
          </reporter-output>
        </test-method> <!-- verifyLoginData -->
        <test-method signature="dependentTest()[pri:0, instance:com.demoqa.tests.TestNGAdvancedTests@79ca92b9]" started-at="2025-11-11T02:30:29 IST" name="dependentTest" finished-at="2025-11-11T02:30:29 IST" depends-on-methods="com.demoqa.tests.TestNGAdvancedTests.smokeTest" duration-ms="2" status="PASS">
          <reporter-output>
          </reporter-output>
        </test-method> <!-- dependentTest -->
      </class> <!-- com.demoqa.tests.TestNGAdvancedTests -->
    </test> <!-- Command line test -->
  </suite> <!-- Command line suite -->
</testng-results>
