<?xml version="1.0" encoding="UTF-8"?>
<testsuite xmlns:xsi="http://www.w3.org/2001/XMLSchema-instance" xsi:noNamespaceSchemaLocation="https://maven.apache.org/surefire/maven-surefire-plugin/xsd/surefire-test-report-3.0.xsd" version="3.0" name="TestSuite" time="267.284" tests="28" errors="0" skipped="0" failures="0">
  <properties>
[...]
</properties>
  <testcase name="verifyConfirmAlertAccept" classname="com.demoqa.tests.AlertsTests" time="35.367">
    <system-out><![CDATA[⚙️ Headless flag loaded as: false
⚙️ Headless flag loaded as: false
[INFO] Running with visible browser
📸 Screenshot saved successfully: D:\Projects\selenium-demoqa-intermediate/test-output/screenshots/verifyConfirmAlertAccept_PASS.png
📸 Screenshot captured for PASS test: D:\Projects\selenium-demoqa-intermediate/test-output/screenshots/verifyConfirmAlertAccept_PASS.png
]]></system-out>
    <system-err><![CDATA[[main] INFO io.github.bonigarcia.wdm.WebDriverManager - Using chromedriver 142.0.7444.162 (resolved driver for Chrome 142)
[main] INFO io.github.bonigarcia.wdm.WebDriverManager - Exporting webdriver.chrome.driver as C:\Users\Sachin.Bende\.cache\selenium\chromedriver\win64\142.0.7444.162\chromedriver.exe
Nov 13, 2025 12:56:04 AM org.openqa.selenium.devtools.CdpVersionFinder findNearestMatch
WARNING: Unable to find CDP implementation matching 142
Nov 13, 2025 12:56:04 AM org.openqa.selenium.chromium.ChromiumDriver lambda$new$5
WARNING: Unable to find version of CDP to use for 142.0.7444.60. You may need to include a dependency on a specific version of the CDP using something similar to `org.seleniumhq.selenium:selenium-devtools-v86:4.11.0` where the version ("v86") matches the version of the chromium-based browser you're using and the version number of the artifact is the same as Selenium's.
]]></system-err>
  </testcase>
  <testcase name="verifyPromptAlert" classname="com.demoqa.tests.AlertsTests" time="9.212">
    <system-out><![CDATA[🧹 Browser closed and driver removed successfully
⚙️ Headless flag loaded as: false
[INFO] Running with visible browser
📸 Screenshot saved successfully: D:\Projects\selenium-demoqa-intermediate/test-output/screenshots/verifyPromptAlert_PASS.png
📸 Screenshot captured for PASS test: D:\Projects\selenium-demoqa-intermediate/test-output/screenshots/verifyPromptAlert_PASS.png
]]></system-out>
    <system-err><![CDATA[[main] INFO io.github.bonigarcia.wdm.WebDriverManager - Using chromedriver 142.0.7444.162 (resolved driver for Chrome 142)
[main] INFO io.github.bonigarcia.wdm.WebDriverManager - Exporting webdriver.chrome.driver as C:\Users\Sachin.Bende\.cache\selenium\chromedriver\win64\142.0.7444.162\chromedriver.exe
Nov 13, 2025 12:56:43 AM org.openqa.selenium.devtools.CdpVersionFinder findNearestMatch
WARNING: Unable to find CDP implementation matching 142
Nov 13, 2025 12:56:43 AM org.openqa.selenium.chromium.ChromiumDriver lambda$new$5
WARNING: Unable to find version of CDP to use for 142.0.7444.60. You may need to include a dependency on a specific version of the CDP using something similar to `org.seleniumhq.selenium:selenium-devtools-v86:4.11.0` where the version ("v86") matches the version of the chromium-based browser you're using and the version number of the artifact is the same as Selenium's.
]]></system-err>
  </testcase>
  <testcase name="verifySimpleAlert" classname="com.demoqa.tests.AlertsTests" time="13.648">
    <system-out><![CDATA[🧹 Browser closed and driver removed successfully
⚙️ Headless flag loaded as: false
[INFO] Running with visible browser
📸 Screenshot saved successfully: D:\Projects\selenium-demoqa-intermediate/test-output/screenshots/verifySimpleAlert_PASS.png
📸 Screenshot captured for PASS test: D:\Projects\selenium-demoqa-intermediate/test-output/screenshots/verifySimpleAlert_PASS.png
]]></system-out>
    <system-err><![CDATA[[main] INFO io.github.bonigarcia.wdm.WebDriverManager - Using chromedriver 142.0.7444.162 (resolved driver for Chrome 142)
[main] INFO io.github.bonigarcia.wdm.WebDriverManager - Exporting webdriver.chrome.driver as C:\Users\Sachin.Bende\.cache\selenium\chromedriver\win64\142.0.7444.162\chromedriver.exe
Nov 13, 2025 12:56:55 AM org.openqa.selenium.devtools.CdpVersionFinder findNearestMatch
WARNING: Unable to find CDP implementation matching 142
Nov 13, 2025 12:56:55 AM org.openqa.selenium.chromium.ChromiumDriver lambda$new$5
WARNING: Unable to find version of CDP to use for 142.0.7444.60. You may need to include a dependency on a specific version of the CDP using something similar to `org.seleniumhq.selenium:selenium-devtools-v86:4.11.0` where the version ("v86") matches the version of the chromium-based browser you're using and the version number of the artifact is the same as Selenium's.
]]></system-err>
  </testcase>
  <testcase name="verifyElementText" classname="com.demoqa.tests.AssertionsTests" time="8.637">
    <system-out><![CDATA[🧹 Browser closed and driver removed successfully
⚙️ Headless flag loaded as: false
[INFO] Running with visible browser
🔹 Header text: Selenium Playground
📸 Screenshot saved successfully: D:\Projects\selenium-demoqa-intermediate/test-output/screenshots/verifyElementText_PASS.png
📸 Screenshot captured for PASS test: D:\Projects\selenium-demoqa-intermediate/test-output/screenshots/verifyElementText_PASS.png
]]></system-out>
    <system-err><![CDATA[[main] INFO io.github.bonigarcia.wdm.WebDriverManager - Using chromedriver 142.0.7444.162 (resolved driver for Chrome 142)
[main] INFO io.github.bonigarcia.wdm.WebDriverManager - Exporting webdriver.chrome.driver as C:\Users\Sachin.Bende\.cache\selenium\chromedriver\win64\142.0.7444.162\chromedriver.exe
Nov 13, 2025 12:57:12 AM org.openqa.selenium.devtools.CdpVersionFinder findNearestMatch
WARNING: Unable to find CDP implementation matching 142
Nov 13, 2025 12:57:12 AM org.openqa.selenium.chromium.ChromiumDriver lambda$new$5
WARNING: Unable to find version of CDP to use for 142.0.7444.60. You may need to include a dependency on a specific version of the CDP using something similar to `org.seleniumhq.selenium:selenium-devtools-v86:4.11.0` where the version ("v86") matches the version of the chromium-based browser you're using and the version number of the artifact is the same as Selenium's.
]]></system-err>
  </testcase>
  <testcase name="verifyMultipleConditions" classname="com.demoqa.tests.AssertionsTests" time="10.412">
    <system-out><![CDATA[🧹 Browser closed and driver removed successfully
⚙️ Headless flag loaded as: false
[INFO] Running with visible browser
📸 Screenshot saved successfully: D:\Projects\selenium-demoqa-intermediate/test-output/screenshots/verifyMultipleConditions_PASS.png
📸 Screenshot captured for PASS test: D:\Projects\selenium-demoqa-intermediate/test-output/screenshots/verifyMultipleConditions_PASS.png
]]></system-out>
    <system-err><![CDATA[[main] INFO io.github.bonigarcia.wdm.WebDriverManager - Using chromedriver 142.0.7444.162 (resolved driver for Chrome 142)
[main] INFO io.github.bonigarcia.wdm.WebDriverManager - Exporting webdriver.chrome.driver as C:\Users\Sachin.Bende\.cache\selenium\chromedriver\win64\142.0.7444.162\chromedriver.exe
Nov 13, 2025 12:57:23 AM org.openqa.selenium.devtools.CdpVersionFinder findNearestMatch
WARNING: Unable to find CDP implementation matching 142
Nov 13, 2025 12:57:23 AM org.openqa.selenium.chromium.ChromiumDriver lambda$new$5
WARNING: Unable to find version of CDP to use for 142.0.7444.60. You may need to include a dependency on a specific version of the CDP using something similar to `org.seleniumhq.selenium:selenium-devtools-v86:4.11.0` where the version ("v86") matches the version of the chromium-based browser you're using and the version number of the artifact is the same as Selenium's.
]]></system-err>
  </testcase>
  <testcase name="verifyTitleAndURL" classname="com.demoqa.tests.AssertionsTests" time="4.243">
    <system-out><![CDATA[🧹 Browser closed and driver removed successfully
⚙️ Headless flag loaded as: false
[INFO] Running with visible browser
🔹 Actual title: Selenium Grid Online | Run Selenium Test On Cloud
📸 Screenshot saved successfully: D:\Projects\selenium-demoqa-intermediate/test-output/screenshots/verifyTitleAndURL_PASS.png
📸 Screenshot captured for PASS test: D:\Projects\selenium-demoqa-intermediate/test-output/screenshots/verifyTitleAndURL_PASS.png
]]></system-out>
    <system-err><![CDATA[[main] INFO io.github.bonigarcia.wdm.WebDriverManager - Using chromedriver 142.0.7444.162 (resolved driver for Chrome 142)
[main] INFO io.github.bonigarcia.wdm.WebDriverManager - Exporting webdriver.chrome.driver as C:\Users\Sachin.Bende\.cache\selenium\chromedriver\win64\142.0.7444.162\chromedriver.exe
Nov 13, 2025 12:57:36 AM org.openqa.selenium.devtools.CdpVersionFinder findNearestMatch
WARNING: Unable to find CDP implementation matching 142
Nov 13, 2025 12:57:36 AM org.openqa.selenium.chromium.ChromiumDriver lambda$new$5
WARNING: Unable to find version of CDP to use for 142.0.7444.60. You may need to include a dependency on a specific version of the CDP using something similar to `org.seleniumhq.selenium:selenium-devtools-v86:4.11.0` where the version ("v86") matches the version of the chromium-based browser you're using and the version number of the artifact is the same as Selenium's.
]]></system-err>
  </testcase>
  <testcase name="verifyTitleAndURL_Pass" classname="com.demoqa.tests.AssertionsTests" time="8.156">
    <system-out><![CDATA[🧹 Browser closed and driver removed successfully
⚙️ Headless flag loaded as: false
[INFO] Running with visible browser
🔹 Actual title: Selenium Grid Online | Run Selenium Test On Cloud
📸 Screenshot saved successfully: D:\Projects\selenium-demoqa-intermediate/test-output/screenshots/verifyTitleAndURL_Pass_PASS.png
📸 Screenshot captured for PASS test: D:\Projects\selenium-demoqa-intermediate/test-output/screenshots/verifyTitleAndURL_Pass_PASS.png
]]></system-out>
    <system-err><![CDATA[[main] INFO io.github.bonigarcia.wdm.WebDriverManager - Using chromedriver 142.0.7444.162 (resolved driver for Chrome 142)
[main] INFO io.github.bonigarcia.wdm.WebDriverManager - Exporting webdriver.chrome.driver as C:\Users\Sachin.Bende\.cache\selenium\chromedriver\win64\142.0.7444.162\chromedriver.exe
Nov 13, 2025 12:57:43 AM org.openqa.selenium.devtools.CdpVersionFinder findNearestMatch
WARNING: Unable to find CDP implementation matching 142
Nov 13, 2025 12:57:43 AM org.openqa.selenium.chromium.ChromiumDriver lambda$new$5
WARNING: Unable to find version of CDP to use for 142.0.7444.60. You may need to include a dependency on a specific version of the CDP using something similar to `org.seleniumhq.selenium:selenium-devtools-v86:4.11.0` where the version ("v86") matches the version of the chromium-based browser you're using and the version number of the artifact is the same as Selenium's.
]]></system-err>
  </testcase>
  <testcase name="verifyNewTabHeading" classname="com.demoqa.tests.BrowserWindowsTests" time="14.472">
    <system-out><![CDATA[🧹 Browser closed and driver removed successfully
⚙️ Headless flag loaded as: false
[INFO] Running with visible browser
🔹 New tab heading text: This is a sample page
📸 Screenshot saved successfully: D:\Projects\selenium-demoqa-intermediate/test-output/screenshots/verifyNewTabHeading_PASS.png
📸 Screenshot captured for PASS test: D:\Projects\selenium-demoqa-intermediate/test-output/screenshots/verifyNewTabHeading_PASS.png
]]></system-out>
    <system-err><![CDATA[[main] INFO io.github.bonigarcia.wdm.WebDriverManager - Using chromedriver 142.0.7444.162 (resolved driver for Chrome 142)
[main] INFO io.github.bonigarcia.wdm.WebDriverManager - Exporting webdriver.chrome.driver as C:\Users\Sachin.Bende\.cache\selenium\chromedriver\win64\142.0.7444.162\chromedriver.exe
Nov 13, 2025 12:57:53 AM org.openqa.selenium.devtools.CdpVersionFinder findNearestMatch
WARNING: Unable to find CDP implementation matching 142
Nov 13, 2025 12:57:53 AM org.openqa.selenium.chromium.ChromiumDriver lambda$new$5
WARNING: Unable to find version of CDP to use for 142.0.7444.60. You may need to include a dependency on a specific version of the CDP using something similar to `org.seleniumhq.selenium:selenium-devtools-v86:4.11.0` where the version ("v86") matches the version of the chromium-based browser you're using and the version number of the artifact is the same as Selenium's.
]]></system-err>
  </testcase>
  <testcase name="verifyExcelDataRead" classname="com.demoqa.tests.DataPoolTests" time="0.98">
    <system-out><![CDATA[🧹 Browser closed and driver removed successfully
⚙️ Headless flag loaded as: false
[INFO] Running with visible browser
Username: admin
Password: admin123
Email: admin@test.com
📸 Screenshot saved successfully: D:\Projects\selenium-demoqa-intermediate/test-output/screenshots/verifyExcelDataRead_PASS.png
📸 Screenshot captured for PASS test: D:\Projects\selenium-demoqa-intermediate/test-output/screenshots/verifyExcelDataRead_PASS.png
]]></system-out>
    <system-err><![CDATA[[main] INFO io.github.bonigarcia.wdm.WebDriverManager - Using chromedriver 142.0.7444.162 (resolved driver for Chrome 142)
[main] INFO io.github.bonigarcia.wdm.WebDriverManager - Exporting webdriver.chrome.driver as C:\Users\Sachin.Bende\.cache\selenium\chromedriver\win64\142.0.7444.162\chromedriver.exe
Nov 13, 2025 12:58:10 AM org.openqa.selenium.devtools.CdpVersionFinder findNearestMatch
WARNING: Unable to find CDP implementation matching 142
Nov 13, 2025 12:58:10 AM org.openqa.selenium.chromium.ChromiumDriver lambda$new$5
WARNING: Unable to find version of CDP to use for 142.0.7444.60. You may need to include a dependency on a specific version of the CDP using something similar to `org.seleniumhq.selenium:selenium-devtools-v86:4.11.0` where the version ("v86") matches the version of the chromium-based browser you're using and the version number of the artifact is the same as Selenium's.
]]></system-err>
  </testcase>
  <testcase name="verifyPropertyData" classname="com.demoqa.tests.DataPoolTests" time="0.157">
    <system-out><![CDATA[🧹 Browser closed and driver removed successfully
⚙️ Headless flag loaded as: false
[INFO] Running with visible browser
Username: admin
📸 Screenshot saved successfully: D:\Projects\selenium-demoqa-intermediate/test-output/screenshots/verifyPropertyData_PASS.png
📸 Screenshot captured for PASS test: D:\Projects\selenium-demoqa-intermediate/test-output/screenshots/verifyPropertyData_PASS.png
]]></system-out>
    <system-err><![CDATA[[main] INFO io.github.bonigarcia.wdm.WebDriverManager - Using chromedriver 142.0.7444.162 (resolved driver for Chrome 142)
[main] INFO io.github.bonigarcia.wdm.WebDriverManager - Exporting webdriver.chrome.driver as C:\Users\Sachin.Bende\.cache\selenium\chromedriver\win64\142.0.7444.162\chromedriver.exe
Nov 13, 2025 12:58:14 AM org.openqa.selenium.devtools.CdpVersionFinder findNearestMatch
WARNING: Unable to find CDP implementation matching 142
Nov 13, 2025 12:58:14 AM org.openqa.selenium.chromium.ChromiumDriver lambda$new$5
WARNING: Unable to find version of CDP to use for 142.0.7444.60. You may need to include a dependency on a specific version of the CDP using something similar to `org.seleniumhq.selenium:selenium-devtools-v86:4.11.0` where the version ("v86") matches the version of the chromium-based browser you're using and the version number of the artifact is the same as Selenium's.
]]></system-err>
  </testcase>
  <testcase name="verifyLogin[admin, admin123](1)" classname="com.demoqa.tests.DataProviderTests" time="0.145">
    <system-out><![CDATA[🧹 Browser closed and driver removed successfully
⚙️ Headless flag loaded as: false
[INFO] Running with visible browser
🔹 Trying login with: admin / admin123
📸 Screenshot saved successfully: D:\Projects\selenium-demoqa-intermediate/test-output/screenshots/verifyLogin_PASS.png
📸 Screenshot captured for PASS test: D:\Projects\selenium-demoqa-intermediate/test-output/screenshots/verifyLogin_PASS.png
]]></system-out>
    <system-err><![CDATA[[main] INFO io.github.bonigarcia.wdm.WebDriverManager - Using chromedriver 142.0.7444.162 (resolved driver for Chrome 142)
[main] INFO io.github.bonigarcia.wdm.WebDriverManager - Exporting webdriver.chrome.driver as C:\Users\Sachin.Bende\.cache\selenium\chromedriver\win64\142.0.7444.162\chromedriver.exe
Nov 13, 2025 12:58:16 AM org.openqa.selenium.devtools.CdpVersionFinder findNearestMatch
WARNING: Unable to find CDP implementation matching 142
Nov 13, 2025 12:58:16 AM org.openqa.selenium.chromium.ChromiumDriver lambda$new$5
WARNING: Unable to find version of CDP to use for 142.0.7444.60. You may need to include a dependency on a specific version of the CDP using something similar to `org.seleniumhq.selenium:selenium-devtools-v86:4.11.0` where the version ("v86") matches the version of the chromium-based browser you're using and the version number of the artifact is the same as Selenium's.
]]></system-err>
  </testcase>
  <testcase name="verifyExcelLogin[admin, admin123](1)" classname="com.demoqa.tests.ExcelDataProviderTests" time="0.144">
    <system-out><![CDATA[🧹 Browser closed and driver removed successfully
⚙️ Headless flag loaded as: false
[INFO] Running with visible browser
🔹 Testing login with: admin | admin123
✅ Login successful for: admin
📸 Screenshot saved successfully: D:\Projects\selenium-demoqa-intermediate/test-output/screenshots/verifyExcelLogin_PASS.png
📸 Screenshot captured for PASS test: D:\Projects\selenium-demoqa-intermediate/test-output/screenshots/verifyExcelLogin_PASS.png
]]></system-out>
    <system-err><![CDATA[[main] INFO io.github.bonigarcia.wdm.WebDriverManager - Using chromedriver 142.0.7444.162 (resolved driver for Chrome 142)
[main] INFO io.github.bonigarcia.wdm.WebDriverManager - Exporting webdriver.chrome.driver as C:\Users\Sachin.Bende\.cache\selenium\chromedriver\win64\142.0.7444.162\chromedriver.exe
Nov 13, 2025 12:58:19 AM org.openqa.selenium.devtools.CdpVersionFinder findNearestMatch
WARNING: Unable to find CDP implementation matching 142
Nov 13, 2025 12:58:19 AM org.openqa.selenium.chromium.ChromiumDriver lambda$new$5
WARNING: Unable to find version of CDP to use for 142.0.7444.60. You may need to include a dependency on a specific version of the CDP using something similar to `org.seleniumhq.selenium:selenium-devtools-v86:4.11.0` where the version ("v86") matches the version of the chromium-based browser you're using and the version number of the artifact is the same as Selenium's.
]]></system-err>
  </testcase>
  <testcase name="verifyTextInsideFrames" classname="com.demoqa.tests.FramesTests" time="21.518">
    <system-out><![CDATA[🧹 Browser closed and driver removed successfully
⚙️ Headless flag loaded as: false
[INFO] Running with visible browser
📸 Screenshot saved successfully: D:\Projects\selenium-demoqa-intermediate/test-output/screenshots/verifyTextInsideFrames_PASS.png
📸 Screenshot captured for PASS test: D:\Projects\selenium-demoqa-intermediate/test-output/screenshots/verifyTextInsideFrames_PASS.png
]]></system-out>
    <system-err><![CDATA[[main] INFO io.github.bonigarcia.wdm.WebDriverManager - Using chromedriver 142.0.7444.162 (resolved driver for Chrome 142)
[main] INFO io.github.bonigarcia.wdm.WebDriverManager - Exporting webdriver.chrome.driver as C:\Users\Sachin.Bende\.cache\selenium\chromedriver\win64\142.0.7444.162\chromedriver.exe
Nov 13, 2025 12:58:21 AM org.openqa.selenium.devtools.CdpVersionFinder findNearestMatch
WARNING: Unable to find CDP implementation matching 142
Nov 13, 2025 12:58:21 AM org.openqa.selenium.chromium.ChromiumDriver lambda$new$5
WARNING: Unable to find version of CDP to use for 142.0.7444.60. You may need to include a dependency on a specific version of the CDP using something similar to `org.seleniumhq.selenium:selenium-devtools-v86:4.11.0` where the version ("v86") matches the version of the chromium-based browser you're using and the version number of the artifact is the same as Selenium's.
]]></system-err>
  </testcase>
  <testcase name="debugJson" classname="com.demoqa.tests.JsonDataProviderTests" time="0.206">
    <system-out><![CDATA[🧹 Browser closed and driver removed successfully
✅ JsonDataProviderTests initialized successfully!
⚙️ Headless flag loaded as: false
[INFO] Running with visible browser
Loaded data rows: 3
📸 Screenshot saved successfully: D:\Projects\selenium-demoqa-intermediate/test-output/screenshots/debugJson_PASS.png
📸 Screenshot captured for PASS test: D:\Projects\selenium-demoqa-intermediate/test-output/screenshots/debugJson_PASS.png
]]></system-out>
    <system-err><![CDATA[[main] INFO io.github.bonigarcia.wdm.WebDriverManager - Using chromedriver 142.0.7444.162 (resolved driver for Chrome 142)
[main] INFO io.github.bonigarcia.wdm.WebDriverManager - Exporting webdriver.chrome.driver as C:\Users\Sachin.Bende\.cache\selenium\chromedriver\win64\142.0.7444.162\chromedriver.exe
Nov 13, 2025 12:58:45 AM org.openqa.selenium.devtools.CdpVersionFinder findNearestMatch
WARNING: Unable to find CDP implementation matching 142
Nov 13, 2025 12:58:45 AM org.openqa.selenium.chromium.ChromiumDriver lambda$new$5
WARNING: Unable to find version of CDP to use for 142.0.7444.60. You may need to include a dependency on a specific version of the CDP using something similar to `org.seleniumhq.selenium:selenium-devtools-v86:4.11.0` where the version ("v86") matches the version of the chromium-based browser you're using and the version number of the artifact is the same as Selenium's.
]]></system-err>
  </testcase>
  <testcase name="verifyJsonLogin[admin, admin123](1)" classname="com.demoqa.tests.JsonDataProviderTests" time="0.156">
    <system-out><![CDATA[🧹 Browser closed and driver removed successfully
⚙️ Headless flag loaded as: false
[INFO] Running with visible browser
🔹 JSON login attempt: admin / admin123
✅ Valid JSON credentials: admin
📸 Screenshot saved successfully: D:\Projects\selenium-demoqa-intermediate/test-output/screenshots/verifyJsonLogin_PASS.png
📸 Screenshot captured for PASS test: D:\Projects\selenium-demoqa-intermediate/test-output/screenshots/verifyJsonLogin_PASS.png
]]></system-out>
    <system-err><![CDATA[[main] INFO io.github.bonigarcia.wdm.WebDriverManager - Using chromedriver 142.0.7444.162 (resolved driver for Chrome 142)
[main] INFO io.github.bonigarcia.wdm.WebDriverManager - Exporting webdriver.chrome.driver as C:\Users\Sachin.Bende\.cache\selenium\chromedriver\win64\142.0.7444.162\chromedriver.exe
Nov 13, 2025 12:58:48 AM org.openqa.selenium.devtools.CdpVersionFinder findNearestMatch
WARNING: Unable to find CDP implementation matching 142
Nov 13, 2025 12:58:48 AM org.openqa.selenium.chromium.ChromiumDriver lambda$new$5
WARNING: Unable to find version of CDP to use for 142.0.7444.60. You may need to include a dependency on a specific version of the CDP using something similar to `org.seleniumhq.selenium:selenium-devtools-v86:4.11.0` where the version ("v86") matches the version of the chromium-based browser you're using and the version number of the artifact is the same as Selenium's.
]]></system-err>
  </testcase>
  <testcase name="verifyJsonLogin[tester, test@123](2)" classname="com.demoqa.tests.JsonDataProviderTests" time="0.134">
    <system-out><![CDATA[🧹 Browser closed and driver removed successfully
⚙️ Headless flag loaded as: false
[INFO] Running with visible browser
🔹 JSON login attempt: tester / test@123
✅ Valid JSON credentials: tester
📸 Screenshot saved successfully: D:\Projects\selenium-demoqa-intermediate/test-output/screenshots/verifyJsonLogin_PASS.png
📸 Screenshot captured for PASS test: D:\Projects\selenium-demoqa-intermediate/test-output/screenshots/verifyJsonLogin_PASS.png
]]></system-out>
    <system-err><![CDATA[[main] INFO io.github.bonigarcia.wdm.WebDriverManager - Using chromedriver 142.0.7444.162 (resolved driver for Chrome 142)
[main] INFO io.github.bonigarcia.wdm.WebDriverManager - Exporting webdriver.chrome.driver as C:\Users\Sachin.Bende\.cache\selenium\chromedriver\win64\142.0.7444.162\chromedriver.exe
Nov 13, 2025 12:58:50 AM org.openqa.selenium.devtools.CdpVersionFinder findNearestMatch
WARNING: Unable to find CDP implementation matching 142
Nov 13, 2025 12:58:50 AM org.openqa.selenium.chromium.ChromiumDriver lambda$new$5
WARNING: Unable to find version of CDP to use for 142.0.7444.60. You may need to include a dependency on a specific version of the CDP using something similar to `org.seleniumhq.selenium:selenium-devtools-v86:4.11.0` where the version ("v86") matches the version of the chromium-based browser you're using and the version number of the artifact is the same as Selenium's.
]]></system-err>
  </testcase>
  <testcase name="verifyJsonLogin[user, pass123](3)" classname="com.demoqa.tests.JsonDataProviderTests" time="0.154">
    <system-out><![CDATA[🧹 Browser closed and driver removed successfully
⚙️ Headless flag loaded as: false
[INFO] Running with visible browser
🔹 JSON login attempt: user / pass123
✅ Valid JSON credentials: user
📸 Screenshot saved successfully: D:\Projects\selenium-demoqa-intermediate/test-output/screenshots/verifyJsonLogin_PASS.png
📸 Screenshot captured for PASS test: D:\Projects\selenium-demoqa-intermediate/test-output/screenshots/verifyJsonLogin_PASS.png
]]></system-out>
    <system-err><![CDATA[[main] INFO io.github.bonigarcia.wdm.WebDriverManager - Using chromedriver 142.0.7444.162 (resolved driver for Chrome 142)
[main] INFO io.github.bonigarcia.wdm.WebDriverManager - Exporting webdriver.chrome.driver as C:\Users\Sachin.Bende\.cache\selenium\chromedriver\win64\142.0.7444.162\chromedriver.exe
Nov 13, 2025 12:58:52 AM org.openqa.selenium.devtools.CdpVersionFinder findNearestMatch
WARNING: Unable to find CDP implementation matching 142
Nov 13, 2025 12:58:52 AM org.openqa.selenium.chromium.ChromiumDriver lambda$new$5
WARNING: Unable to find version of CDP to use for 142.0.7444.60. You may need to include a dependency on a specific version of the CDP using something similar to `org.seleniumhq.selenium:selenium-devtools-v86:4.11.0` where the version ("v86") matches the version of the chromium-based browser you're using and the version number of the artifact is the same as Selenium's.
]]></system-err>
  </testcase>
  <testcase name="smokeTest" classname="com.demoqa.tests.TestNGAdvancedTests" time="0.0">
    <system-out><![CDATA[🧹 Browser closed and driver removed successfully
Smoke test executed!
⚠️ Unable to capture pass screenshot: class com.demoqa.tests.TestNGAdvancedTests cannot be cast to class com.demoqa.tests.BaseTest (com.demoqa.tests.TestNGAdvancedTests and com.demoqa.tests.BaseTest are in unnamed module of loader 'app')
]]></system-out>
  </testcase>
  <testcase name="dependentTest" classname="com.demoqa.tests.TestNGAdvancedTests" time="0.007">
    <system-out><![CDATA[This runs only if Smoke test passes.
⚠️ Unable to capture pass screenshot: class com.demoqa.tests.TestNGAdvancedTests cannot be cast to class com.demoqa.tests.BaseTest (com.demoqa.tests.TestNGAdvancedTests and com.demoqa.tests.BaseTest are in unnamed module of loader 'app')
]]></system-out>
  </testcase>
  <testcase name="regressionTest" classname="com.demoqa.tests.TestNGAdvancedTests" time="0.007">
    <system-out><![CDATA[Regression test executed!
⚠️ Unable to capture pass screenshot: class com.demoqa.tests.TestNGAdvancedTests cannot be cast to class com.demoqa.tests.BaseTest (com.demoqa.tests.TestNGAdvancedTests and com.demoqa.tests.BaseTest are in unnamed module of loader 'app')
]]></system-out>
  </testcase>
  <testcase name="verifyBrowserParameter[chrome](1)" classname="com.demoqa.tests.TestNGAdvancedTests" time="0.009">
    <system-out><![CDATA[Running test on browser: chrome
⚠️ Unable to capture pass screenshot: class com.demoqa.tests.TestNGAdvancedTests cannot be cast to class com.demoqa.tests.BaseTest (com.demoqa.tests.TestNGAdvancedTests and com.demoqa.tests.BaseTest are in unnamed module of loader 'app')
]]></system-out>
  </testcase>
  <testcase name="verifyLoginData[admin, admin123](1)" classname="com.demoqa.tests.TestNGAdvancedTests" time="0.004">
    <system-out><![CDATA[Testing login → Username: admin | Password: admin123
⚠️ Unable to capture pass screenshot: class com.demoqa.tests.TestNGAdvancedTests cannot be cast to class com.demoqa.tests.BaseTest (com.demoqa.tests.TestNGAdvancedTests and com.demoqa.tests.BaseTest are in unnamed module of loader 'app')
]]></system-out>
  </testcase>
  <testcase name="verifyLoginData[sachin, test123](2)" classname="com.demoqa.tests.TestNGAdvancedTests" time="0.009">
    <system-out><![CDATA[Testing login → Username: sachin | Password: test123
⚠️ Unable to capture pass screenshot: class com.demoqa.tests.TestNGAdvancedTests cannot be cast to class com.demoqa.tests.BaseTest (com.demoqa.tests.TestNGAdvancedTests and com.demoqa.tests.BaseTest are in unnamed module of loader 'app')
]]></system-out>
  </testcase>
  <testcase name="verifyLoginData[guest, guest@123](3)" classname="com.demoqa.tests.TestNGAdvancedTests" time="0.005">
    <system-out><![CDATA[Testing login → Username: guest | Password: guest@123
⚠️ Unable to capture pass screenshot: class com.demoqa.tests.TestNGAdvancedTests cannot be cast to class com.demoqa.tests.BaseTest (com.demoqa.tests.TestNGAdvancedTests and com.demoqa.tests.BaseTest are in unnamed module of loader 'app')
]]></system-out>
  </testcase>
  <testcase name="verifyButtonBecomesEnabled" classname="com.demoqa.tests.WaitsTests" time="20.094">
    <system-out><![CDATA[⚙️ Headless flag loaded as: false
[INFO] Running with visible browser
📸 Screenshot saved successfully: D:\Projects\selenium-demoqa-intermediate/test-output/screenshots/verifyButtonBecomesEnabled_PASS.png
📸 Screenshot captured for PASS test: D:\Projects\selenium-demoqa-intermediate/test-output/screenshots/verifyButtonBecomesEnabled_PASS.png
]]></system-out>
    <system-err><![CDATA[[main] INFO io.github.bonigarcia.wdm.WebDriverManager - Using chromedriver 142.0.7444.162 (resolved driver for Chrome 142)
[main] INFO io.github.bonigarcia.wdm.WebDriverManager - Exporting webdriver.chrome.driver as C:\Users\Sachin.Bende\.cache\selenium\chromedriver\win64\142.0.7444.162\chromedriver.exe
Nov 13, 2025 12:58:55 AM org.openqa.selenium.devtools.CdpVersionFinder findNearestMatch
WARNING: Unable to find CDP implementation matching 142
Nov 13, 2025 12:58:55 AM org.openqa.selenium.chromium.ChromiumDriver lambda$new$5
WARNING: Unable to find version of CDP to use for 142.0.7444.60. You may need to include a dependency on a specific version of the CDP using something similar to `org.seleniumhq.selenium:selenium-devtools-v86:4.11.0` where the version ("v86") matches the version of the chromium-based browser you're using and the version number of the artifact is the same as Selenium's.
]]></system-err>
  </testcase>
  <testcase name="verifyButtonBecomesVisible" classname="com.demoqa.tests.WaitsTests" time="13.034">
    <system-out><![CDATA[🧹 Browser closed and driver removed successfully
⚙️ Headless flag loaded as: false
[INFO] Running with visible browser
📸 Screenshot saved successfully: D:\Projects\selenium-demoqa-intermediate/test-output/screenshots/verifyButtonBecomesVisible_PASS.png
📸 Screenshot captured for PASS test: D:\Projects\selenium-demoqa-intermediate/test-output/screenshots/verifyButtonBecomesVisible_PASS.png
]]></system-out>
    <system-err><![CDATA[[main] INFO io.github.bonigarcia.wdm.WebDriverManager - Using chromedriver 142.0.7444.162 (resolved driver for Chrome 142)
[main] INFO io.github.bonigarcia.wdm.WebDriverManager - Exporting webdriver.chrome.driver as C:\Users\Sachin.Bende\.cache\selenium\chromedriver\win64\142.0.7444.162\chromedriver.exe
Nov 13, 2025 12:59:17 AM org.openqa.selenium.devtools.CdpVersionFinder findNearestMatch
WARNING: Unable to find CDP implementation matching 142
Nov 13, 2025 12:59:17 AM org.openqa.selenium.chromium.ChromiumDriver lambda$new$5
WARNING: Unable to find version of CDP to use for 142.0.7444.60. You may need to include a dependency on a specific version of the CDP using something similar to `org.seleniumhq.selenium:selenium-devtools-v86:4.11.0` where the version ("v86") matches the version of the chromium-based browser you're using and the version number of the artifact is the same as Selenium's.
]]></system-err>
  </testcase>
  <testcase name="verifyColorChangeWithFluentWait" classname="com.demoqa.tests.WaitsTests" time="18.255">
    <system-out><![CDATA[🧹 Browser closed and driver removed successfully
⚙️ Headless flag loaded as: false
[INFO] Running with visible browser
🎨 Final button color: rgba(220, 53, 69, 1)
📸 Screenshot saved successfully: D:\Projects\selenium-demoqa-intermediate/test-output/screenshots/verifyColorChangeWithFluentWait_PASS.png
📸 Screenshot captured for PASS test: D:\Projects\selenium-demoqa-intermediate/test-output/screenshots/verifyColorChangeWithFluentWait_PASS.png
]]></system-out>
    <system-err><![CDATA[[main] INFO io.github.bonigarcia.wdm.WebDriverManager - Using chromedriver 142.0.7444.162 (resolved driver for Chrome 142)
[main] INFO io.github.bonigarcia.wdm.WebDriverManager - Exporting webdriver.chrome.driver as C:\Users\Sachin.Bende\.cache\selenium\chromedriver\win64\142.0.7444.162\chromedriver.exe
Nov 13, 2025 12:59:33 AM org.openqa.selenium.devtools.CdpVersionFinder findNearestMatch
WARNING: Unable to find CDP implementation matching 142
Nov 13, 2025 12:59:33 AM org.openqa.selenium.chromium.ChromiumDriver lambda$new$5
WARNING: Unable to find version of CDP to use for 142.0.7444.60. You may need to include a dependency on a specific version of the CDP using something similar to `org.seleniumhq.selenium:selenium-devtools-v86:4.11.0` where the version ("v86") matches the version of the chromium-based browser you're using and the version number of the artifact is the same as Selenium's.
]]></system-err>
  </testcase>
  <testcase name="verifyJSExecutorClick" classname="com.demoqa.tests.WaitsTests" time="29.295">
    <system-out><![CDATA[🧹 Browser closed and driver removed successfully
⚙️ Headless flag loaded as: false
[INFO] Running with visible browser
🔹 Header text (Buttons page): 
⚠️ Header not visible; skipping strict assertion to avoid flaky failure.
📸 Screenshot saved successfully: D:\Projects\selenium-demoqa-intermediate/test-output/screenshots/verifyJSExecutorClick_PASS.png
📸 Screenshot captured for PASS test: D:\Projects\selenium-demoqa-intermediate/test-output/screenshots/verifyJSExecutorClick_PASS.png
]]></system-out>
    <system-err><![CDATA[[main] INFO io.github.bonigarcia.wdm.WebDriverManager - Using chromedriver 142.0.7444.162 (resolved driver for Chrome 142)
[main] INFO io.github.bonigarcia.wdm.WebDriverManager - Exporting webdriver.chrome.driver as C:\Users\Sachin.Bende\.cache\selenium\chromedriver\win64\142.0.7444.162\chromedriver.exe
Nov 13, 2025 12:59:53 AM org.openqa.selenium.devtools.CdpVersionFinder findNearestMatch
WARNING: Unable to find CDP implementation matching 142
Nov 13, 2025 12:59:53 AM org.openqa.selenium.chromium.ChromiumDriver lambda$new$5
WARNING: Unable to find version of CDP to use for 142.0.7444.60. You may need to include a dependency on a specific version of the CDP using something similar to `org.seleniumhq.selenium:selenium-devtools-v86:4.11.0` where the version ("v86") matches the version of the chromium-based browser you're using and the version number of the artifact is the same as Selenium's.
]]></system-err>
  </testcase>
</testsuite>