<?xml version="1.0" encoding="UTF-8" ?>
<testsuite tests="7" failures="0" name="TestSuite" time="0.032" errors="0" skipped="0">
  <properties>
[...]
</properties>
  <testcase classname="com.demoqa.tests.TestNGAdvancedTests" name="smokeTest" time="0.015"/>
  <testcase classname="com.demoqa.tests.TestNGAdvancedTests" name="regressionTest" time="0.003"/>
  <testcase classname="com.demoqa.tests.TestNGAdvancedTests" name="verifyBrowserParameter" time="0.007"/>
  <testcase classname="com.demoqa.tests.TestNGAdvancedTests" name="verifyLoginData" time="0.003"/>
  <testcase classname="com.demoqa.tests.TestNGAdvancedTests" name="verifyLoginData" time="0.002"/>
  <testcase classname="com.demoqa.tests.TestNGAdvancedTests" name="verifyLoginData" time="0.001"/>
  <testcase classname="com.demoqa.tests.TestNGAdvancedTests" name="dependentTest" time="0.001"/>
</testsuite>