<?xml version="1.0" encoding="UTF-8"?>
<!-- Generated by org.testng.reporters.JUnitReportReporter -->
<testsuite hostname="RSPLLT677" failures="0" tests="2" name="com.demoqa.tests.DataPoolTests" time="5.288" errors="0" timestamp="2025-11-13T01:00:25 IST" skipped="0">
  <testcase classname="com.demoqa.tests.DataPoolTests" name="verifyExcelDataRead" time="2.852"/>
  <system-out/>
  <testcase classname="com.demoqa.tests.DataPoolTests" name="verifyPropertyData" time="2.436"/>
  <system-out/>
</testsuite> <!-- com.demoqa.tests.DataPoolTests -->
