<?xml version="1.0" encoding="UTF-8"?>
<!-- Generated by org.testng.reporters.JUnitReportReporter -->
<testsuite hostname="RSPLLT677" failures="0" tests="4" name="com.demoqa.tests.JsonDataProviderTests" time="9.193" errors="0" timestamp="2025-11-13T01:00:25 IST" skipped="0">
  <testcase classname="com.demoqa.tests.JsonDataProviderTests" name="debugJson" time="2.267"/>
  <system-out/>
  <testcase classname="com.demoqa.tests.JsonDataProviderTests" name="verifyJsonLogin" time="2.277"/>
  <system-out/>
  <testcase classname="com.demoqa.tests.JsonDataProviderTests" name="verifyJsonLogin" time="2.281"/>
  <system-out/>
  <testcase classname="com.demoqa.tests.JsonDataProviderTests" name="verifyJsonLogin" time="2.368"/>
  <system-out/>
</testsuite> <!-- com.demoqa.tests.JsonDataProviderTests -->
