<?xml version="1.0" encoding="UTF-8"?>
<!-- Generated by org.testng.reporters.JUnitReportReporter -->
<testsuite hostname="RSPLLT677" failures="0" tests="3" name="com.demoqa.tests.AlertsTests" time="69.391" errors="0" timestamp="2025-11-13T01:00:25 IST" skipped="0">
  <testcase classname="com.demoqa.tests.AlertsTests" name="verifySimpleAlert" time="19.102"/>
  <system-out/>
  <testcase classname="com.demoqa.tests.AlertsTests" name="verifyPromptAlert" time="11.482"/>
  <system-out/>
  <testcase classname="com.demoqa.tests.AlertsTests" name="verifyConfirmAlertAccept" time="38.807"/>
  <system-out/>
</testsuite> <!-- com.demoqa.tests.AlertsTests -->
