<?xml version="1.0" encoding="UTF-8"?>
<!-- Generated by org.testng.reporters.JUnitReportReporter -->
<testsuite hostname="RSPLLT677" failures="0" tests="7" name="com.demoqa.tests.TestNGAdvancedTests" time="0.022" errors="0" timestamp="2025-11-13T01:00:25 IST" skipped="0">
  <testcase classname="com.demoqa.tests.TestNGAdvancedTests" name="verifyLoginData" time="0.003"/>
  <system-out/>
  <testcase classname="com.demoqa.tests.TestNGAdvancedTests" name="verifyLoginData" time="0.002"/>
  <system-out/>
  <testcase classname="com.demoqa.tests.TestNGAdvancedTests" name="smokeTest" time="0.003"/>
  <system-out/>
  <testcase classname="com.demoqa.tests.TestNGAdvancedTests" name="regressionTest" time="0.002"/>
  <system-out/>
  <testcase classname="com.demoqa.tests.TestNGAdvancedTests" name="verifyBrowserParameter" time="0.004"/>
  <system-out/>
  <testcase classname="com.demoqa.tests.TestNGAdvancedTests" name="dependentTest" time="0.003"/>
  <system-out/>
  <testcase classname="com.demoqa.tests.TestNGAdvancedTests" name="verifyLoginData" time="0.005"/>
  <system-out/>
</testsuite> <!-- com.demoqa.tests.TestNGAdvancedTests -->
