<?xml version="1.0" encoding="UTF-8"?>
<!-- Generated by org.testng.reporters.JUnitReportReporter -->
<testsuite hostname="RSPLLT677" failures="0" tests="4" name="com.demoqa.tests.AssertionsTests" time="40.946" errors="0" timestamp="2025-11-13T01:00:25 IST" skipped="0">
  <testcase classname="com.demoqa.tests.AssertionsTests" name="verifyTitleAndURL_Pass" time="10.545"/>
  <system-out/>
  <testcase classname="com.demoqa.tests.AssertionsTests" name="verifyTitleAndURL" time="6.618"/>
  <system-out/>
  <testcase classname="com.demoqa.tests.AssertionsTests" name="verifyElementText" time="10.944"/>
  <system-out/>
  <testcase classname="com.demoqa.tests.AssertionsTests" name="verifyMultipleConditions" time="12.839"/>
  <system-out/>
</testsuite> <!-- com.demoqa.tests.AssertionsTests -->
