<?xml version="1.0" encoding="UTF-8"?>
<!-- Generated by org.testng.reporters.JUnitReportReporter -->
<testsuite hostname="RSPLLT677" failures="0" tests="4" name="com.demoqa.tests.WaitsTests" time="90.004" errors="0" timestamp="2025-11-13T01:00:25 IST" skipped="0">
  <testcase classname="com.demoqa.tests.WaitsTests" name="verifyJSExecutorClick" time="32.326"/>
  <system-out/>
  <testcase classname="com.demoqa.tests.WaitsTests" name="verifyButtonBecomesEnabled" time="22.413"/>
  <system-out/>
  <testcase classname="com.demoqa.tests.WaitsTests" name="verifyColorChangeWithFluentWait" time="20.098"/>
  <system-out/>
  <testcase classname="com.demoqa.tests.WaitsTests" name="verifyButtonBecomesVisible" time="15.167"/>
  <system-out/>
</testsuite> <!-- com.demoqa.tests.WaitsTests -->
